[Licensing::Module] Trying to connect to existing licensing client channel...
Built from '6000.4/staging' branch; Version is '6000.4.10f1 (feeafc12a938) revision 16706300'; Using compiler version '194234433'; Build Type 'Release'
[Licensing::IpcConnector] Successfully connected to: "LicenseClient-keish" at "2026-06-18T19:26:14.7322592Z"
OS: 'Windows 11  (10.0.26200) Professional' Language: 'en' Physical Memory: 31860 MB
BatchMode: 1, IsHumanControllingUs: 0, StartBugReporterOnCrash: 0, Is64bit: 1
System  architecture: x64
Process architecture: x64
Date: 2026-06-18T19:26:14Z

COMMAND LINE ARGUMENTS:
C:\Program Files\Unity\Hub\Editor\6000.4.10f1\Editor\Unity.exe
-adb2
-batchMode
-noUpm
-name
AssetImportWorker2
-projectPath
C:/GitHub/Blush-Bay-Ocean-Rescue1/Blush bay- Ocean rescue
-logFile
Logs/AssetImportWorker2.log
-srvPort
64857
-licensingIpc
LicenseClient-keish
-force-d3d12
-job-worker-count
7
-background-job-worker-count
8
-gc-helper-count
1
-name
AssetImport
Successfully changed project path to: C:/GitHub/Blush-Bay-Ocean-Rescue1/Blush bay- Ocean rescue
C:/GitHub/Blush-Bay-Ocean-Rescue1/Blush bay- Ocean rescue
[UnityMemory] Configuration Parameters - Can be set up in boot.config
    "memorysetup-temp-allocator-size-gi-baking-worker=262144"
    "memorysetup-temp-allocator-size-gi-baking-worker=262144"
    "memorysetup-temp-allocator-size-gi-baking-worker=262144"
    "memorysetup-temp-allocator-size-gi-baking-worker=262144"
    "memorysetup-temp-allocator-size-gi-baking-worker=262144"
    "memorysetup-temp-allocator-size-nav-mesh-worker=65536"
    "memorysetup-temp-allocator-size-audio-worker=65536"
    "memorysetup-temp-allocator-size-cloud-worker=32768"
    "memorysetup-temp-allocator-size-gfx=262144"
    "memorysetup-temp-allocator-size-preload-manager=33554432"
    "memorysetup-temp-allocator-size-job-worker=262144"
    "memorysetup-temp-allocator-size-background-worker=32768"
    "memorysetup-allocator-temp-initial-block-size-main=262144"
    "memorysetup-allocator-temp-initial-block-size-worker=262144"
    "memorysetup-bucket-allocator-granularity=16"
    "memorysetup-bucket-allocator-bucket-count=8"
    "memorysetup-bucket-allocator-block-size=33554432"
    "memorysetup-bucket-allocator-block-count=8"
    "memorysetup-main-allocator-block-size=16777216"
    "memorysetup-thread-allocator-block-size=16777216"
    "memorysetup-gfx-main-allocator-block-size=16777216"
    "memorysetup-gfx-thread-allocator-block-size=16777216"
    "memorysetup-cache-allocator-block-size=4194304"
    "memorysetup-typetree-allocator-block-size=2097152"
    "memorysetup-profiler-bucket-allocator-granularity=16"
    "memorysetup-profiler-bucket-allocator-bucket-count=8"
    "memorysetup-profiler-bucket-allocator-block-size=33554432"
    "memorysetup-profiler-bucket-allocator-block-count=8"
    "memorysetup-profiler-allocator-block-size=16777216"
    "memorysetup-profiler-editor-allocator-block-size=1048576"
    "memorysetup-temp-allocator-size-main=16777216"
    "memorysetup-job-temp-allocator-block-size=2097152"
    "memorysetup-job-temp-allocator-block-size-background=1048576"
    "memorysetup-job-temp-allocator-reduction-small-platforms=262144"
Player connection [30240]  Target information:

Player connection [30240]  * "[IP] 192.168.1.62 [Port] 0 [Flags] 2 [Guid] 1035300149 [EditorId] 1035300149 [Version] 1048832 [Id] WindowsEditor(7,K-Baddie) [Debug] 1 [PackageName] WindowsEditor [ProjectName] Editor" 

Player connection [30240] Host joined multi-casting on [225.0.0.222:54997]...
Player connection [30240] Host joined alternative multi-casting on [225.0.0.222:34997]...
JobSystem: Creating JobQueue using job-worker-count value 7
Input System module state changed to: Initialized.
[Physics::Module] Initialized fallback backend.
[Physics::Module] Id: 0xdecafbad
Library Redirect Path: Library/
[Physics::Module] Selected backend.
[Physics::Module] Name: PhysX
[Physics::Module] Id: 0xf2b8ea05
[Physics::Module] SDK Version: 4.1.2
[Physics::Module] Integration Version: 1.0.0
[Physics::Module] Threading Mode: Multi-Threaded
Refreshing native plugins compatible for Editor in 2.79 ms, found 5 plugins.
Initialize engine version: 6000.4.10f1 (feeafc12a938)
[Subsystems] Discovering subsystems at path C:/Program Files/Unity/Hub/Editor/6000.4.10f1/Editor/Data/Resources/UnitySubsystems
[Subsystems] Discovering subsystems at path C:/GitHub/Blush-Bay-Ocean-Rescue1/Blush bay- Ocean rescue/Assets
Forcing GfxDevice: Direct3D 12
GfxDevice: creating device client; kGfxThreadingModeNonThreaded
d3d12: failed to query info queue interface (0x80004002).
Direct3D:
    Version:         Direct3D 12 [level 12.2]
    Renderer:        NVIDIA GeForce RTX 5060 Ti (ID=0x2d04)
    Vendor:          NVIDIA
    VRAM:            16050 MB
    App VRAM Budget: 15282 MB
    Driver:          32.0.16.1047
Initialize mono
Mono path[0] = 'C:/Program Files/Unity/Hub/Editor/6000.4.10f1/Editor/Data/Managed'
Mono path[1] = 'C:/Program Files/Unity/Hub/Editor/6000.4.10f1/Editor/Data/MonoBleedingEdge/lib/mono/unityjit-win32'
Mono config path = 'C:/Program Files/Unity/Hub/Editor/6000.4.10f1/Editor/Data/MonoBleedingEdge/etc'
Using monoOptions --debugger-agent=transport=dt_socket,embedding=1,server=y,suspend=n,address=127.0.0.1:56100
CodeReloadManager initialized
Begin MonoManager ReloadAssembly
Registering precompiled unity dll's ...
Register platform support module: C:/Program Files/Unity/Hub/Editor/6000.4.10f1/Editor/Data/PlaybackEngines/WebGLSupport/UnityEditor.WebGL.Extensions.dll
Register platform support module: C:/Program Files/Unity/Hub/Editor/6000.4.10f1/Editor/Data/PlaybackEngines/WindowsStandaloneSupport/UnityEditor.WindowsStandalone.Extensions.dll
Registered in 0.001681 seconds.
Native extension for WindowsStandalone target not found
Native extension for WebGL target not found
Package Manager log level set to [2]
[Package Manager] Failed to launch server process. Reason: Unity was launched with the -noUpm command-line argument
[Package Manager] Unable to send message (not connected to server process).
[Package Manager] Cannot connect to Unity Package Manager local server
ScheduleIndexationOnStartup MainProcess:False IndexOnStartup:True
Mono: successfully reloaded assembly
- Finished resetting the current domain, in  0.315 seconds
Domain Reload Profiling: 600ms
	BeginReloadAssembly (76ms)
	RebuildCommonClasses (24ms)
	RebuildNativeTypeToScriptingClass (8ms)
	initialDomainReloadingComplete (41ms)
	LoadAllAssembliesAndSetupDomain (135ms)
		LoadAssemblies (73ms)
		AnalyzeDomain (128ms)
			TypeCache.Refresh (127ms)
				TypeCache.ScanAssembly (113ms)
	FinalizeReload (317ms)
		SetupLoadedEditorAssemblies (0ms)
			InitializePlatformSupportModulesInManaged (36ms)
			BeforeProcessingInitializeOnLoad (70ms)
			ProcessInitializeOnLoadAttributes (92ms)
			ProcessInitializeOnLoadMethodAttributes (53ms)
[Licensing::Client] Error: HandshakeResponse reported an error:
	ResponseCode: 505
	ResponseStatus: Unsupported protocol version '1.18.1'.
[Licensing::Module] Error: Failed to handshake to channel: "LicenseClient-keish"
[Licensing::IpcConnector] LicenseClient-keish channel disconnected successfully.
[Licensing::IpcConnector] Successfully connected to: "LicenseClient-keish-6000.4.10" at "2026-06-18T19:26:15.9814195Z"
[Licensing::Client] Code 10 while verifying Licensing Client signature (process Id: 27988, path: "C:/Program Files/Unity/Hub/Editor/6000.4.10f1/Editor/Data/Resources/Licensing/Client/Unity.Licensing.Client.exe")
[Licensing::Module] LicensingClient has failed validation; ignoring
[Licensing::Client] Handshaking with LicensingClient:
  Version:                 1.18.1+9fbee8e
  Session Id:              56b89f6e6d0e41a88f731d04c1336b92
  Correlation Id:          8c292b9d090c8f80e6d5a756c979698a
  External correlation Id: 8436641026138432174
  Machine Id:              /RzPr2gAIPSB4NcypRRRBkxSfUM=
[Licensing::Module] Successfully connected to LicensingClient on channel: "LicenseClient-keish-6000.4.10" (connect: 0.00s, validation: 0.00s, handshake: 0.01s)
[Licensing::IpcConnector] Successfully connected to: "LicenseClient-keish-6000.4.10-notifications" at "2026-06-18T19:26:15.9885136Z"
[Licensing::Module] Licensing Background thread has ended after 1.26s
========================================================================
Worker process is ready to serve import requests
Import Worker Mode flag is 0x00
Begin MonoManager ReloadAssembly
[Licensing::Client] Successfully resolved entitlement details
[Licensing::Module] License group:
  Id: 1375476375314-UnityPersXXXX
  Product: Unity Personal
  Type: Assigned
  Expiration: Unlimited
Assembly Assembly-CSharp-Editor-firstpass.dll at Library/ScriptAssemblies/Assembly-CSharp-Editor-firstpass.dll not valid. Loading of assembly skipped.
Assembly Assembly-CSharp-Editor.dll at Library/ScriptAssemblies/Assembly-CSharp-Editor.dll not valid. Loading of assembly skipped.
Assembly Assembly-CSharp-firstpass.dll at Library/ScriptAssemblies/Assembly-CSharp-firstpass.dll not valid. Loading of assembly skipped.
Assembly Assembly-CSharp.dll at Library/ScriptAssemblies/Assembly-CSharp.dll not valid. Loading of assembly skipped.
Assembly DocCodeExamples.dll at Library/ScriptAssemblies/DocCodeExamples.dll not valid. Loading of assembly skipped.
Assembly TestNewCustomAssembly.dll at Library/ScriptAssemblies/TestNewCustomAssembly.dll not valid. Loading of assembly skipped.
Assembly Unity.2D.Animation.EditorTests.dll at Library/ScriptAssemblies/Unity.2D.Animation.EditorTests.dll not valid. Loading of assembly skipped.
Assembly Unity.2D.Aseprite.EditorTests.dll at Library/ScriptAssemblies/Unity.2D.Aseprite.EditorTests.dll not valid. Loading of assembly skipped.
Assembly Unity.2D.Common.EditorTests.dll at Library/ScriptAssemblies/Unity.2D.Common.EditorTests.dll not valid. Loading of assembly skipped.
Assembly Unity.2D.Psdimporter.EditorTests.dll at Library/ScriptAssemblies/Unity.2D.Psdimporter.EditorTests.dll not valid. Loading of assembly skipped.
Assembly Unity.2D.Sprite.Package.EditorTests.dll at Library/ScriptAssemblies/Unity.2D.Sprite.Package.EditorTests.dll not valid. Loading of assembly skipped.
Assembly Unity.2D.SpriteShape.EditorTests.dll at Library/ScriptAssemblies/Unity.2D.SpriteShape.EditorTests.dll not valid. Loading of assembly skipped.
Assembly Unity.2D.Tilemap.Package.EditorTests.dll at Library/ScriptAssemblies/Unity.2D.Tilemap.Package.EditorTests.dll not valid. Loading of assembly skipped.
Assembly Unity.Collections.BurstCompatibilityGen.dll at Library/ScriptAssemblies/Unity.Collections.BurstCompatibilityGen.dll not valid. Loading of assembly skipped.
Assembly Unity.Collections.DocCodeSamples.dll at Library/ScriptAssemblies/Unity.Collections.DocCodeSamples.dll not valid. Loading of assembly skipped.
Assembly Unity.Collections.PerformanceTests.dll at Library/ScriptAssemblies/Unity.Collections.PerformanceTests.dll not valid. Loading of assembly skipped.
Assembly Unity.Collections.Tests.dll at Library/ScriptAssemblies/Unity.Collections.Tests.dll not valid. Loading of assembly skipped.
Assembly Unity.Collections.Tests.Playmode.dll at Library/ScriptAssemblies/Unity.Collections.Tests.Playmode.dll not valid. Loading of assembly skipped.
Assembly Unity.InputSystem.IntegrationTests.dll at Library/ScriptAssemblies/Unity.InputSystem.IntegrationTests.dll not valid. Loading of assembly skipped.
Assembly Unity.Mathematics.Tests.dll at Library/ScriptAssemblies/Unity.Mathematics.Tests.dll not valid. Loading of assembly skipped.
Assembly Unity.Multiplayer.Center.Editor.Tests.dll at Library/ScriptAssemblies/Unity.Multiplayer.Center.Editor.Tests.dll not valid. Loading of assembly skipped.
Assembly Unity.Multiplayer.Center.Tests.dll at Library/ScriptAssemblies/Unity.Multiplayer.Center.Tests.dll not valid. Loading of assembly skipped.
Assembly Unity.Nuget.Mono-Cecil.dll at Library/ScriptAssemblies/Unity.Nuget.Mono-Cecil.dll not valid. Loading of assembly skipped.
Assembly Unity.PathTracing.Editor.Tests.dll at Library/ScriptAssemblies/Unity.PathTracing.Editor.Tests.dll not valid. Loading of assembly skipped.
Assembly Unity.PathTracing.Runtime.Tests.dll at Library/ScriptAssemblies/Unity.PathTracing.Runtime.Tests.dll not valid. Loading of assembly skipped.
Assembly Unity.RenderPipelines.Core.Editor.Tests.dll at Library/ScriptAssemblies/Unity.RenderPipelines.Core.Editor.Tests.dll not valid. Loading of assembly skipped.
Assembly Unity.RenderPipelines.Core.Runtime.Tests.dll at Library/ScriptAssemblies/Unity.RenderPipelines.Core.Runtime.Tests.dll not valid. Loading of assembly skipped.
Assembly Unity.RenderPipelines.Universal.Config.Editor.Tests.dll at Library/ScriptAssemblies/Unity.RenderPipelines.Universal.Config.Editor.Tests.dll not valid. Loading of assembly skipped.
Assembly Unity.RenderPipelines.Universal.Editor.Tests.dll at Library/ScriptAssemblies/Unity.RenderPipelines.Universal.Editor.Tests.dll not valid. Loading of assembly skipped.
Assembly Unity.RenderPipelines.Universal.Runtime.Tests.dll at Library/ScriptAssemblies/Unity.RenderPipelines.Universal.Runtime.Tests.dll not valid. Loading of assembly skipped.
Assembly Unity.Searcher.EditorTests.dll at Library/ScriptAssemblies/Unity.Searcher.EditorTests.dll not valid. Loading of assembly skipped.
Assembly Unity.ShaderGraph.Editor.Tests.dll at Library/ScriptAssemblies/Unity.ShaderGraph.Editor.Tests.dll not valid. Loading of assembly skipped.
Assembly Unity.TextMeshPro.Editor.Tests.dll at Library/ScriptAssemblies/Unity.TextMeshPro.Editor.Tests.dll not valid. Loading of assembly skipped.
Assembly Unity.TextMeshPro.Tests.dll at Library/ScriptAssemblies/Unity.TextMeshPro.Tests.dll not valid. Loading of assembly skipped.
Assembly Unity.UnifiedRayTracing.Editor.Tests.dll at Library/ScriptAssemblies/Unity.UnifiedRayTracing.Editor.Tests.dll not valid. Loading of assembly skipped.
Assembly UnityEditor.UI.Common.Tests.dll at Library/ScriptAssemblies/UnityEditor.UI.Common.Tests.dll not valid. Loading of assembly skipped.
Assembly UnityEditor.UI.EditorTests.dll at Library/ScriptAssemblies/UnityEditor.UI.EditorTests.dll not valid. Loading of assembly skipped.
Assembly UnityEngine.UI.Tests.dll at Library/ScriptAssemblies/UnityEngine.UI.Tests.dll not valid. Loading of assembly skipped.
Native extension for WindowsStandalone target not found
Native extension for WebGL target not found
[Package Manager] Failed to launch server process. Reason: Unity was launched with the -noUpm command-line argument
[Package Manager] Unable to send message (not connected to server process).
[Package Manager] Cannot connect to Unity Package Manager local server
[Package Manager] Failed to launch server process. Reason: Unity was launched with the -noUpm command-line argument
[Package Manager] Unable to send message (not connected to server process).
[Package Manager] Cannot connect to Unity Package Manager local server
ScheduleIndexationOnStartup MainProcess:False IndexOnStartup:True
Mono: successfully reloaded assembly
- Finished resetting the current domain, in  0.467 seconds
Domain Reload Profiling: 1002ms
	BeginReloadAssembly (111ms)
		DisableScriptedObjects (3ms)
		CreateAndSetChildDomain (26ms)
	RebuildCommonClasses (22ms)
	RebuildNativeTypeToScriptingClass (8ms)
	initialDomainReloadingComplete (47ms)
	LoadAllAssembliesAndSetupDomain (347ms)
		LoadAssemblies (211ms)
		AnalyzeDomain (186ms)
			TypeCache.Refresh (119ms)
				TypeCache.ScanAssembly (109ms)
			BuildScriptInfoCaches (59ms)
			ResolveRequiredComponents (6ms)
	FinalizeReload (467ms)
		SetupLoadedEditorAssemblies (0ms)
			BeforeProcessingInitializeOnLoad (89ms)
			ProcessInitializeOnLoadAttributes (191ms)
			ProcessInitializeOnLoadMethodAttributes (78ms)
			AfterProcessingInitializeOnLoad (4ms)
		AwakeInstancesAfterBackupRestoration (5ms)
Launched and connected shader compiler UnityShaderCompiler.exe after 0.01 seconds
Unloading 24 Unused Serialized files (Serialized files now loaded: 0)
Unloading 7265 unused Assets / (5.3 MB). Loaded Objects now: 8091.
Memory consumption went from 165.3 MB to 159.9 MB.
Total: 6.266600 ms (FindLiveObjects: 0.699400 ms CreateObjectMapping: 0.176600 ms MarkObjects: 3.441400 ms  DeleteObjects: 1.947400 ms)

========================================================================
Received Import Request.
  Time since last request: 257006.651919 seconds.
  path: Assets/Assets/Flooring/BlushBay - Floor Tile - Wooden - TOPDOWN (PNG).asset
  importAddress: Guid(327f11acabec9ec4e873cb3d86417ef4) Importer(815301076,1909f56bfc062723c751e8b465ee728b)
Start importing Assets/Assets/Flooring/BlushBay - Floor Tile - Wooden - TOPDOWN (PNG).asset using Guid(327f11acabec9ec4e873cb3d86417ef4) Importer(815301076,1909f56bfc062723c751e8b465ee728b) (PreviewImporter) -> (Import Result ID: '3c2a51c194a1753cda6f4f9601a48079') in 0.0316701 seconds [static and dynamic dependencies]. Details - ImportResultOutputID=af39168065521e6bb76fb5af450ca8a1 DependenciesID=4abab32cabd282d109239e9e3d2f50b0 StaticDependenciesID=892425d61a20083e474a90eba2b5ebfe 
Number of updated asset objects reloaded before import = 0Number of asset objects unloaded after import = 1

========================================================================
Received Import Request.
  Time since last request: 14.001979 seconds.
  path: Assets/Assets/Flooring/New Tile Palette.prefab
  importAddress: Guid(0f2feffa85b15cb48b217f6529583dd6) Importer(815301076,1909f56bfc062723c751e8b465ee728b)
Start importing Assets/Assets/Flooring/New Tile Palette.prefab using Guid(0f2feffa85b15cb48b217f6529583dd6) Importer(815301076,1909f56bfc062723c751e8b465ee728b) (PreviewImporter) -> (Import Result ID: '1d34494e6b83b4740daac7243cd1b7c1') in 0.2161381 seconds [static and dynamic dependencies]. Details - ImportResultOutputID=b1ff7857d13f563df877d7c3980e6ed0 DependenciesID=44edc3fb79810d140899f9a986a98333 StaticDependenciesID=d4b486d6b416cdd0bfc9fd6f66ef40d0 
Number of updated asset objects reloaded before import = 0Number of asset objects unloaded after import = 38

========================================================================
Received Import Request.
  Time since last request: 34.837094 seconds.
  path: Assets/Assets/Character
  importAddress: Guid(5c1b28d777275b1499cf224472afc7e6) Importer(815301076,1909f56bfc062723c751e8b465ee728b)
Start importing Assets/Assets/Character using Guid(5c1b28d777275b1499cf224472afc7e6) Importer(815301076,1909f56bfc062723c751e8b465ee728b) (PreviewImporter) -> (Import Result ID: 'a84bf3ed4f2b5a1a2f491a8dfd6dbeaa') in 0.0006197 seconds [static and dynamic dependencies]. Details - ImportResultOutputID=a2970d2da414697f1514d9164818f1f1 DependenciesID=71db88d2ee4f45d2b114b1ebbb5384ef StaticDependenciesID=1e2e2a05589a4c3a5b28d88d8914ee66 
Number of updated asset objects reloaded before import = 0Number of asset objects unloaded after import = 0

========================================================================
Received Import Request.
  Time since last request: 0.939335 seconds.
  path: Assets/Assets/Character
  importAddress: Guid(5c1b28d777275b1499cf224472afc7e6) Importer(2089858483,b0f066a214c2f5e87bad3c948f4d605d)
Start importing Assets/Assets/Character using Guid(5c1b28d777275b1499cf224472afc7e6) Importer(2089858483,b0f066a214c2f5e87bad3c948f4d605d) (ScriptedImporter) -> (Import Result ID: '292a7ce0e8eed030dc628038ea3a16f6') in 0.0258567 seconds [static and dynamic dependencies]. Details - ImportResultOutputID=54818b16c60c4e8cd77a63e0cfecf52c DependenciesID=dbaed4b996e9bce512f64ad720c6c5ba StaticDependenciesID=ecf21809bf4ad68ff78e4f59fb4485b3 
Number of updated asset objects reloaded before import = 0Number of asset objects unloaded after import = 1

========================================================================
Received Import Request.
  Time since last request: 14.997959 seconds.
  path: Assets/Assets/Character/character marine biologist tester.png
  importAddress: Guid(da0bba157dace9046b39b4edde30db34) Importer(815301076,1909f56bfc062723c751e8b465ee728b)
Start importing Assets/Assets/Character/character marine biologist tester.png using Guid(da0bba157dace9046b39b4edde30db34) Importer(815301076,1909f56bfc062723c751e8b465ee728b) (PreviewImporter) -> (Import Result ID: '7fc4260253cfea841d373ab1364e6f07') in 0.025104 seconds [static and dynamic dependencies]. Details - ImportResultOutputID=5dc26d3f978bfd45a18a4c921798921b DependenciesID=d14e0b5d5f357281b07e5137976d2e5e StaticDependenciesID=e6aa4925c36bb865d3f692ac4b42fa26 
Number of updated asset objects reloaded before import = 0Number of asset objects unloaded after import = 3

========================================================================
Received Import Request.
  Time since last request: 0.996329 seconds.
  path: Assets/Assets/Character/character marine biologist tester.png
  importAddress: Guid(da0bba157dace9046b39b4edde30db34) Importer(2089858483,b0f066a214c2f5e87bad3c948f4d605d)
Start importing Assets/Assets/Character/character marine biologist tester.png using Guid(da0bba157dace9046b39b4edde30db34) Importer(2089858483,b0f066a214c2f5e87bad3c948f4d605d) (ScriptedImporter) -> (Import Result ID: '79667546e56e62cf735aa3c27574addc') in 0.036939 seconds [static and dynamic dependencies]. Details - ImportResultOutputID=914744c9856b29d67947a7a19d00f3c2 DependenciesID=07c9b6309f556f428aa9b6515d04f226 StaticDependenciesID=2c6a699954171125aadab77a4d000866 
Number of updated asset objects reloaded before import = 0Number of asset objects unloaded after import = 3

========================================================================
Received Import Request.
  Time since last request: 85.222954 seconds.
  path: Assets/Assets/Fish
  importAddress: Guid(ff835502042818441bb4c43ec40ce544) Importer(815301076,1909f56bfc062723c751e8b465ee728b)
Start importing Assets/Assets/Fish using Guid(ff835502042818441bb4c43ec40ce544) Importer(815301076,1909f56bfc062723c751e8b465ee728b) (PreviewImporter) -> (Import Result ID: '2e8768b8947002d8a1569af1442ed7fc') in 0.0005261 seconds [static and dynamic dependencies]. Details - ImportResultOutputID=58f3dd9ded6755491b81ccfb8aec3438 DependenciesID=a25c269cd4c0b1e33254f1ba67c91c2c StaticDependenciesID=26c23da26072f7f129950d0ea744ebfe 
Number of updated asset objects reloaded before import = 0Number of asset objects unloaded after import = 0

========================================================================
Received Import Request.
  Time since last request: 0.948774 seconds.
  path: Assets/Assets/Fish
  importAddress: Guid(ff835502042818441bb4c43ec40ce544) Importer(2089858483,b0f066a214c2f5e87bad3c948f4d605d)
Start importing Assets/Assets/Fish using Guid(ff835502042818441bb4c43ec40ce544) Importer(2089858483,b0f066a214c2f5e87bad3c948f4d605d) (ScriptedImporter) -> (Import Result ID: 'a1e5347774a7264706f156b2da29445f') in 0.0038827 seconds [static and dynamic dependencies]. Details - ImportResultOutputID=8072fac500d4bfc8008526377b795914 DependenciesID=db51dd9fabb1e84171c11a1e17d1160d StaticDependenciesID=f1bdb2ef198af2d7e5b37da03a15de2e 
Number of updated asset objects reloaded before import = 0Number of asset objects unloaded after import = 1

========================================================================
Received Import Request.
  Time since last request: 8.654482 seconds.
  path: Assets/Assets/Fish/fish tester design 1 .png
  importAddress: Guid(c1c1ec0634a33f74ab261bf61715cb72) Importer(815301076,1909f56bfc062723c751e8b465ee728b)
Start importing Assets/Assets/Fish/fish tester design 1 .png using Guid(c1c1ec0634a33f74ab261bf61715cb72) Importer(815301076,1909f56bfc062723c751e8b465ee728b) (PreviewImporter) -> (Import Result ID: '909ecf196609db3f71eb20eaa43b0645') in 0.0089044 seconds [static and dynamic dependencies]. Details - ImportResultOutputID=2965582f6dc6bc348be1334d30754ae8 DependenciesID=73b29f81c3f278a5d8190fdc3bd8ab2e StaticDependenciesID=1cd735f36a720f0eb122193cd418f728 
Number of updated asset objects reloaded before import = 0Number of asset objects unloaded after import = 3

========================================================================
Received Import Request.
  Time since last request: 0.950990 seconds.
  path: Assets/Assets/Fish/fish tester design 1, variation 2 .png
  importAddress: Guid(3f0845238596b8e46921598d09311d31) Importer(2089858483,b0f066a214c2f5e87bad3c948f4d605d)
Start importing Assets/Assets/Fish/fish tester design 1, variation 2 .png using Guid(3f0845238596b8e46921598d09311d31) Importer(2089858483,b0f066a214c2f5e87bad3c948f4d605d) (ScriptedImporter) -> (Import Result ID: '0003c2ad4cb2358f0321256072e9f7ba') in 0.0055204 seconds [static and dynamic dependencies]. Details - ImportResultOutputID=8948fca043d566fc1ea8ff7f5176da2d DependenciesID=578c4f412bd7f9c10d2ddc85a9414061 StaticDependenciesID=de7c5537612a4a847c4f5cd5addcd356 
Number of updated asset objects reloaded before import = 0Number of asset objects unloaded after import = 3

========================================================================
Received Import Request.
  Time since last request: 15.557186 seconds.
  path: Assets/Assets/Fish/fish tester design 1, variation 2 .png
  importAddress: Guid(3f0845238596b8e46921598d09311d31) Importer(815301076,1909f56bfc062723c751e8b465ee728b)
Start importing Assets/Assets/Fish/fish tester design 1, variation 2 .png using Guid(3f0845238596b8e46921598d09311d31) Importer(815301076,1909f56bfc062723c751e8b465ee728b) (PreviewImporter) -> (Import Result ID: 'fb6942a6f3b84f399d3a9a01a9040cb4') in 0.0086611 seconds [static and dynamic dependencies]. Details - ImportResultOutputID=3d662043377d835187c789a62383fecc DependenciesID=07f737bbd9e53a2ad4cf17ef1b9cb74c StaticDependenciesID=b683945b51e18ba0a5c0323aeae84aba 
Number of updated asset objects reloaded before import = 0Number of asset objects unloaded after import = 3

========================================================================
Received Import Request.
  Time since last request: 0.955174 seconds.
  path: Assets/Assets/Fish/fish tester design 1, variation 2 .png
  importAddress: Guid(3f0845238596b8e46921598d09311d31) Importer(2089858483,b0f066a214c2f5e87bad3c948f4d605d)
Start importing Assets/Assets/Fish/fish tester design 1, variation 2 .png using Guid(3f0845238596b8e46921598d09311d31) Importer(2089858483,b0f066a214c2f5e87bad3c948f4d605d) (ScriptedImporter) -> (Import Result ID: 'c160a90e0c7afb82de389a37767fafad') in 0.0046636 seconds [static and dynamic dependencies]. Details - ImportResultOutputID=a54acb9dbaee7529ae446073008e30e6 DependenciesID=ed2fb47d1e9c5bb2c08c0081f559f6c2 StaticDependenciesID=a4be5e21c7cdd5b5976b427bf3d16a56 
Number of updated asset objects reloaded before import = 0Number of asset objects unloaded after import = 3

========================================================================
Received Import Request.
  Time since last request: 55.958934 seconds.
  path: Assets/Assets/Fish/fish tester design 1 .png
  importAddress: Guid(c1c1ec0634a33f74ab261bf61715cb72) Importer(815301076,1909f56bfc062723c751e8b465ee728b)
Start importing Assets/Assets/Fish/fish tester design 1 .png using Guid(c1c1ec0634a33f74ab261bf61715cb72) Importer(815301076,1909f56bfc062723c751e8b465ee728b) (PreviewImporter) -> (Import Result ID: 'c1f7e57a3dbe8800719d1742a92c3cde') in 0.0068636 seconds [static and dynamic dependencies]. Details - ImportResultOutputID=b66277a6ef23c2111437e8c4f582e4b3 DependenciesID=167074e0059f5ccd74b77e1d8869dddf StaticDependenciesID=918dd4bb1a6af39327b07004cc637dd5 
Number of updated asset objects reloaded before import = 0Number of asset objects unloaded after import = 3

========================================================================
Received Import Request.
  Time since last request: 0.953617 seconds.
  path: Assets/Assets/Fish/fish tester design 1 .png
  importAddress: Guid(c1c1ec0634a33f74ab261bf61715cb72) Importer(2089858483,b0f066a214c2f5e87bad3c948f4d605d)
Start importing Assets/Assets/Fish/fish tester design 1 .png using Guid(c1c1ec0634a33f74ab261bf61715cb72) Importer(2089858483,b0f066a214c2f5e87bad3c948f4d605d) (ScriptedImporter) -> (Import Result ID: '9ee59ec34dbcff6b62fa4d73bc1e014b') in 0.0050573 seconds [static and dynamic dependencies]. Details - ImportResultOutputID=5d02def7c628376c8198a65fbc8d0945 DependenciesID=d85ecd032d8539387033de908accacf6 StaticDependenciesID=90969c6da715d24d51ab7c7e1a3447f5 
Number of updated asset objects reloaded before import = 0Number of asset objects unloaded after import = 3

========================================================================
Received Import Request.
  Time since last request: 446.037213 seconds.
  path: Assets/Assets/Flooring/Floor tile sprite sheet 1.png
  importAddress: Guid(7ad2c77eb35cd27458bb71a06fcb27a6) Importer(815301076,1909f56bfc062723c751e8b465ee728b)
Start importing Assets/Assets/Flooring/Floor tile sprite sheet 1.png using Guid(7ad2c77eb35cd27458bb71a06fcb27a6) Importer(815301076,1909f56bfc062723c751e8b465ee728b) (PreviewImporter) -> (Import Result ID: 'be50facf07911dc4e2283fc67bd73ffd') in 0.0114893 seconds [static and dynamic dependencies]. Details - ImportResultOutputID=72c8d0a5e0df9b28d81ca4a43583774c DependenciesID=dd8ce2acd2311feece7cc40a92523dfa StaticDependenciesID=9a585f88cf6ce934e308068d58499385 
Number of updated asset objects reloaded before import = 0Number of asset objects unloaded after import = 3

========================================================================
Received Import Request.
  Time since last request: 1.000932 seconds.
  path: Assets/Assets/Flooring/Floor tile sprite sheet 1.png
  importAddress: Guid(7ad2c77eb35cd27458bb71a06fcb27a6) Importer(2089858483,b0f066a214c2f5e87bad3c948f4d605d)
Start importing Assets/Assets/Flooring/Floor tile sprite sheet 1.png using Guid(7ad2c77eb35cd27458bb71a06fcb27a6) Importer(2089858483,b0f066a214c2f5e87bad3c948f4d605d) (ScriptedImporter) -> (Import Result ID: 'f75307ee84595451781caddec95d155b') in 0.0052949 seconds [static and dynamic dependencies]. Details - ImportResultOutputID=d95a56f9d471367540bf53d8a1c4a096 DependenciesID=4e6e2832426cdd0adcd20c8d887a373c StaticDependenciesID=536b8398d52e7aa5459c3afc272c1046 
Number of updated asset objects reloaded before import = 0Number of asset objects unloaded after import = 3

========================================================================
Received Import Request.
  Time since last request: 25.294637 seconds.
  path: Assets/Assets/Flooring/Floor tile sprite sheet 1.png
  importAddress: Guid(7ad2c77eb35cd27458bb71a06fcb27a6) Importer(815301076,1909f56bfc062723c751e8b465ee728b)
Start importing Assets/Assets/Flooring/Floor tile sprite sheet 1.png using Guid(7ad2c77eb35cd27458bb71a06fcb27a6) Importer(815301076,1909f56bfc062723c751e8b465ee728b) (PreviewImporter) -> (Import Result ID: '5fc1665da874026549fa77c1f6f8bc6f') in 0.006476 seconds [static and dynamic dependencies]. Details - ImportResultOutputID=a689ab13506d03ddccce8f40f403b7f9 DependenciesID=ef6fdfae46d46b5adbaf498761d06342 StaticDependenciesID=43046559160269bfe7861da533b5f19f 
Number of updated asset objects reloaded before import = 0Number of asset objects unloaded after import = 3

========================================================================
Received Import Request.
  Time since last request: 0.957143 seconds.
  path: Assets/Assets/Flooring/Floor tile sprite sheet 1.png
  importAddress: Guid(7ad2c77eb35cd27458bb71a06fcb27a6) Importer(2089858483,b0f066a214c2f5e87bad3c948f4d605d)
Start importing Assets/Assets/Flooring/Floor tile sprite sheet 1.png using Guid(7ad2c77eb35cd27458bb71a06fcb27a6) Importer(2089858483,b0f066a214c2f5e87bad3c948f4d605d) (ScriptedImporter) -> (Import Result ID: 'fa074a0ae47d698adcb320fb6a53f901') in 0.0051296 seconds [static and dynamic dependencies]. Details - ImportResultOutputID=f28a32f058bcab0e560e448b2efade67 DependenciesID=c31f53a733fce21e435b09cdcb5910e7 StaticDependenciesID=7646154ed7a1e8194cefe911803f56bf 
Number of updated asset objects reloaded before import = 0Number of asset objects unloaded after import = 3

========================================================================
Received Import Request.
  Time since last request: 12.205271 seconds.
  path: Assets/Assets/Flooring/Floor tile sprite sheet 1.png
  importAddress: Guid(7ad2c77eb35cd27458bb71a06fcb27a6) Importer(815301076,1909f56bfc062723c751e8b465ee728b)
Start importing Assets/Assets/Flooring/Floor tile sprite sheet 1.png using Guid(7ad2c77eb35cd27458bb71a06fcb27a6) Importer(815301076,1909f56bfc062723c751e8b465ee728b) (PreviewImporter) -> (Import Result ID: '3e55954527d91f36c2bb546dff076d1c') in 0.0333292 seconds [static and dynamic dependencies]. Details - ImportResultOutputID=44401ea508998c9f6f190abc7f83e456 DependenciesID=a6136ccf946bb11c45c4aba644869573 StaticDependenciesID=17610d5f2ac9b47e1aa08264846dc0f3 
Number of updated asset objects reloaded before import = 0Number of asset objects unloaded after import = 17

========================================================================
Received Import Request.
  Time since last request: 0.908837 seconds.
  path: Assets/Assets/Flooring/Floor tile sprite sheet 1.png
  importAddress: Guid(7ad2c77eb35cd27458bb71a06fcb27a6) Importer(2089858483,b0f066a214c2f5e87bad3c948f4d605d)
Start importing Assets/Assets/Flooring/Floor tile sprite sheet 1.png using Guid(7ad2c77eb35cd27458bb71a06fcb27a6) Importer(2089858483,b0f066a214c2f5e87bad3c948f4d605d) (ScriptedImporter) -> (Import Result ID: '5baec86525b73d242e45a6d9cf5146c7') in 0.0109959 seconds [static and dynamic dependencies]. Details - ImportResultOutputID=257f1cf8b48671f7c53d4b90853aec7c DependenciesID=230cd083ba31b145d5112b33825207d6 StaticDependenciesID=36797d451ad31854b19494e982bbb7dd 
Number of updated asset objects reloaded before import = 0Number of asset objects unloaded after import = 17

========================================================================
Received Import Request.
  Time since last request: 14.794496 seconds.
  path: Assets/Assets/Flooring/Floor tile sprite sheet_0.asset
  importAddress: Guid(165603b6d687ca444a3e3acaf3c9d85b) Importer(815301076,1909f56bfc062723c751e8b465ee728b)
Start importing Assets/Assets/Flooring/Floor tile sprite sheet_0.asset using Guid(165603b6d687ca444a3e3acaf3c9d85b) Importer(815301076,1909f56bfc062723c751e8b465ee728b) (PreviewImporter) -> (Import Result ID: 'd2f697ace521f85f9cf82491109b231f') in 0.0024141 seconds [static and dynamic dependencies]. Details - ImportResultOutputID=920a40180ecf1c79f1fb280617fed56a DependenciesID=1774794d9ed4a920d477d18c3940c1ff StaticDependenciesID=afe6f8b480311ebc943e58e4c2f135ab 
Number of updated asset objects reloaded before import = 0Number of asset objects unloaded after import = 1

========================================================================
Received Import Request.
  Time since last request: 0.000018 seconds.
  path: Assets/Assets/Flooring/Floor tile sprite sheet_3.asset
  importAddress: Guid(d0493d0519347d34aaef2859b34f5b8b) Importer(815301076,1909f56bfc062723c751e8b465ee728b)
Start importing Assets/Assets/Flooring/Floor tile sprite sheet_3.asset using Guid(d0493d0519347d34aaef2859b34f5b8b) Importer(815301076,1909f56bfc062723c751e8b465ee728b) (PreviewImporter) -> (Import Result ID: 'cabcca0cbd93f4461fe2dec291266c16') in 0.002742 seconds [static and dynamic dependencies]. Details - ImportResultOutputID=a58ef1f2a1e43108189530239c98b6af DependenciesID=00403cd08c36aa2a34cf405d5c951620 StaticDependenciesID=43b44ebf9540cd1c6efcdd61112feb8f 
Number of updated asset objects reloaded before import = 0Number of asset objects unloaded after import = 1

========================================================================
Received Import Request.
  Time since last request: 0.000021 seconds.
  path: Assets/Assets/Flooring/New Tile Palette.prefab
  importAddress: Guid(0f2feffa85b15cb48b217f6529583dd6) Importer(815301076,1909f56bfc062723c751e8b465ee728b)
Start importing Assets/Assets/Flooring/New Tile Palette.prefab using Guid(0f2feffa85b15cb48b217f6529583dd6) Importer(815301076,1909f56bfc062723c751e8b465ee728b) (PreviewImporter) -> (Import Result ID: '6144e2284becf629b71b228321ab8356') in 0.0128082 seconds [static and dynamic dependencies]. Details - ImportResultOutputID=53f0bcca9ef8a3409a1b97ee13192d1f DependenciesID=78028d565e37503c246d373a5d183c7e StaticDependenciesID=d4b486d6b416cdd0bfc9fd6f66ef40d0 
Number of updated asset objects reloaded before import = 0Number of asset objects unloaded after import = 25

========================================================================
Received Import Request.
  Time since last request: 0.000031 seconds.
  path: Assets/Assets/Flooring/Floor tile sprite sheet_8.asset
  importAddress: Guid(7fa374a22bf98b149a7693a57caece3b) Importer(815301076,1909f56bfc062723c751e8b465ee728b)
Start importing Assets/Assets/Flooring/Floor tile sprite sheet_8.asset using Guid(7fa374a22bf98b149a7693a57caece3b) Importer(815301076,1909f56bfc062723c751e8b465ee728b) (PreviewImporter) -> (Import Result ID: 'c9950a15b51baf27c61aa494516a98c1') in 0.002358 seconds [static and dynamic dependencies]. Details - ImportResultOutputID=918cb546a5ad2e518fe013658b7214c1 DependenciesID=4847f505f7be0de8ab5c37d5e9bec509 StaticDependenciesID=b3083b7f32513b41ab470d956c4337bd 
Number of updated asset objects reloaded before import = 0Number of asset objects unloaded after import = 1

========================================================================
Received Import Request.
  Time since last request: 0.000021 seconds.
  path: Assets/Assets/Flooring/Floor tile sprite sheet_4.asset
  importAddress: Guid(3a62bc38ca031d34a91cdbacf6b1de49) Importer(815301076,1909f56bfc062723c751e8b465ee728b)
Start importing Assets/Assets/Flooring/Floor tile sprite sheet_4.asset using Guid(3a62bc38ca031d34a91cdbacf6b1de49) Importer(815301076,1909f56bfc062723c751e8b465ee728b) (PreviewImporter) -> (Import Result ID: 'a15db934d9743b805993580ab7652a2a') in 0.0018344 seconds [static and dynamic dependencies]. Details - ImportResultOutputID=cdce085c71f5c03c5193947463bfaf23 DependenciesID=9d4dee9d22ccfd1e4a965705fb5b96a8 StaticDependenciesID=9e8b056a1f3bafaec8e354445872a284 
Number of updated asset objects reloaded before import = 0Number of asset objects unloaded after import = 1

========================================================================
Received Import Request.
  Time since last request: 0.000027 seconds.
  path: Assets/Assets/Flooring/Floor tile sprite sheet_7.asset
  importAddress: Guid(0240a68404b18ed44b66214e06804c0e) Importer(815301076,1909f56bfc062723c751e8b465ee728b)
Start importing Assets/Assets/Flooring/Floor tile sprite sheet_7.asset using Guid(0240a68404b18ed44b66214e06804c0e) Importer(815301076,1909f56bfc062723c751e8b465ee728b) (PreviewImporter) -> (Import Result ID: '90db480c5b7ad2b1e23e99ac11709c31') in 0.0019461 seconds [static and dynamic dependencies]. Details - ImportResultOutputID=469fbb73db8b16f2c90dc8ddee4d766e DependenciesID=6c373012eace97735a5fd68787776aff StaticDependenciesID=314654e8e1b4f2ccfb20ad2900f9045a 
Number of updated asset objects reloaded before import = 0Number of asset objects unloaded after import = 1

========================================================================
Received Import Request.
  Time since last request: 33.388860 seconds.
  path: Assets/Assets/Flooring/Floor tile sprite sheet 1_1.asset
  importAddress: Guid(7a390228459f802418f55212512b481a) Importer(815301076,1909f56bfc062723c751e8b465ee728b)
Start importing Assets/Assets/Flooring/Floor tile sprite sheet 1_1.asset using Guid(7a390228459f802418f55212512b481a) Importer(815301076,1909f56bfc062723c751e8b465ee728b) (PreviewImporter) -> (Import Result ID: 'eb92c36d6be92f84b6840514377bab5c') in 0.007422 seconds [static and dynamic dependencies]. Details - ImportResultOutputID=d660d00fec991c1390ada8afc22d9091 DependenciesID=a80103023f9567527d07d9a7663b4dbb StaticDependenciesID=99812ff97f91d1ee666b0f6cdb12638f 
Number of updated asset objects reloaded before import = 0Number of asset objects unloaded after import = 3

========================================================================
Received Import Request.
  Time since last request: 0.000027 seconds.
  path: Assets/Assets/Flooring/Floor tile sprite sheet 1_10.asset
  importAddress: Guid(cc4b1bb1bb3d36c4bb454867502241b7) Importer(815301076,1909f56bfc062723c751e8b465ee728b)
Start importing Assets/Assets/Flooring/Floor tile sprite sheet 1_10.asset using Guid(cc4b1bb1bb3d36c4bb454867502241b7) Importer(815301076,1909f56bfc062723c751e8b465ee728b) (PreviewImporter) -> (Import Result ID: '0a1783eb3a0d7af922d61386af1e7806') in 0.0053664 seconds [static and dynamic dependencies]. Details - ImportResultOutputID=9d9e9246763ef2dc96adf7791b7b98c4 DependenciesID=a3edf1bf6a23b8984a416fcb8e5b846b StaticDependenciesID=4d3b808d4dffdbd0b91974648dfaa9a5 
Number of updated asset objects reloaded before import = 0Number of asset objects unloaded after import = 3

========================================================================
Received Import Request.
  Time since last request: 0.000023 seconds.
  path: Assets/Assets/Flooring/Floor tile sprite sheet 1_8.asset
  importAddress: Guid(b6bd6cbc1580a934c843088b8545c0b7) Importer(815301076,1909f56bfc062723c751e8b465ee728b)
Start importing Assets/Assets/Flooring/Floor tile sprite sheet 1_8.asset using Guid(b6bd6cbc1580a934c843088b8545c0b7) Importer(815301076,1909f56bfc062723c751e8b465ee728b) (PreviewImporter) -> (Import Result ID: 'c34019498e431d3b2274caad7e069d6d') in 0.0041677 seconds [static and dynamic dependencies]. Details - ImportResultOutputID=e14a34b882cf169f4d658e803cd3cb4e DependenciesID=5a89e4dcbf2a46714097f8afdf955994 StaticDependenciesID=1faeb08f6393fb15851d3e3ef0d5ce15 
Number of updated asset objects reloaded before import = 0Number of asset objects unloaded after import = 3

========================================================================
Received Import Request.
  Time since last request: 0.000033 seconds.
  path: Assets/Assets/Flooring/Floor tile sprite sheet 1_14.asset
  importAddress: Guid(e1ada7c6b5931b64faf778f78025d890) Importer(815301076,1909f56bfc062723c751e8b465ee728b)
Start importing Assets/Assets/Flooring/Floor tile sprite sheet 1_14.asset using Guid(e1ada7c6b5931b64faf778f78025d890) Importer(815301076,1909f56bfc062723c751e8b465ee728b) (PreviewImporter) -> (Import Result ID: '1b6c9ae0030d3df28a0ccb8ca888b33e') in 0.0050665 seconds [static and dynamic dependencies]. Details - ImportResultOutputID=4448d94688f8d4cb89311eaa341b7018 DependenciesID=1d68dbf963b83248cdc4a8131212cd37 StaticDependenciesID=de26558a9a976daeb926bf237c14a415 
Number of updated asset objects reloaded before import = 0Number of asset objects unloaded after import = 3

========================================================================
Received Import Request.
  Time since last request: 0.000025 seconds.
  path: Assets/Assets/Flooring/Floor tile sprite sheet 1_5.asset
  importAddress: Guid(517aa5fb8f0b0e04da32d7f6d8e4fac9) Importer(815301076,1909f56bfc062723c751e8b465ee728b)
Start importing Assets/Assets/Flooring/Floor tile sprite sheet 1_5.asset using Guid(517aa5fb8f0b0e04da32d7f6d8e4fac9) Importer(815301076,1909f56bfc062723c751e8b465ee728b) (PreviewImporter) -> (Import Result ID: 'a30712448e5b654097300bcf4f392dc6') in 0.0044217 seconds [static and dynamic dependencies]. Details - ImportResultOutputID=9d57a91f9b22a34e265115576c1bbeb7 DependenciesID=6797cac0a0104a4d9d1a01fb452ae0cb StaticDependenciesID=c89e8d7ce826106da19a75130722045f 
Number of updated asset objects reloaded before import = 0Number of asset objects unloaded after import = 3

========================================================================
Received Import Request.
  Time since last request: 0.782255 seconds.
  path: Assets/Assets/Flooring/Floor tile sprite sheet 1_3.asset
  importAddress: Guid(ff2c1e40e8a006a41a77c77195460003) Importer(2089858483,b0f066a214c2f5e87bad3c948f4d605d)
Start importing Assets/Assets/Flooring/Floor tile sprite sheet 1_3.asset using Guid(ff2c1e40e8a006a41a77c77195460003) Importer(2089858483,b0f066a214c2f5e87bad3c948f4d605d) (ScriptedImporter) -> (Import Result ID: 'daf369654ff644c4d23b1dd7039a2541') in 0.0182574 seconds [static and dynamic dependencies]. Details - ImportResultOutputID=98ad14a8810f26d496672dab64e85137 DependenciesID=d649649eb386f18876394b1fadda876c StaticDependenciesID=377774da84c4f2510a70eaf4c690e083 
Number of updated asset objects reloaded before import = 0Number of asset objects unloaded after import = 2

========================================================================
Received Import Request.
  Time since last request: 0.000022 seconds.
  path: Assets/Assets/Flooring/Floor tile sprite sheet 1_0.asset
  importAddress: Guid(93274575d527b9a4184847079f93b1aa) Importer(2089858483,b0f066a214c2f5e87bad3c948f4d605d)
Start importing Assets/Assets/Flooring/Floor tile sprite sheet 1_0.asset using Guid(93274575d527b9a4184847079f93b1aa) Importer(2089858483,b0f066a214c2f5e87bad3c948f4d605d) (ScriptedImporter) -> (Import Result ID: 'ef7ce814f481a02f06c0558608a4393c') in 0.0061992 seconds [static and dynamic dependencies]. Details - ImportResultOutputID=905ff9ee37dad661c3d315e8bc5ba9aa DependenciesID=27ac214d4834afd0782017c80e28909f StaticDependenciesID=80a2f2c1e66023693c6a2027587b8896 
Number of updated asset objects reloaded before import = 0Number of asset objects unloaded after import = 2

========================================================================
Received Import Request.
  Time since last request: 0.000023 seconds.
  path: Assets/Assets/Flooring/Floor tile sprite sheet 1_5.asset
  importAddress: Guid(517aa5fb8f0b0e04da32d7f6d8e4fac9) Importer(2089858483,b0f066a214c2f5e87bad3c948f4d605d)
Start importing Assets/Assets/Flooring/Floor tile sprite sheet 1_5.asset using Guid(517aa5fb8f0b0e04da32d7f6d8e4fac9) Importer(2089858483,b0f066a214c2f5e87bad3c948f4d605d) (ScriptedImporter) -> (Import Result ID: '97e394297b9ba11342b0bedcc0f03c22') in 0.0045788 seconds [static and dynamic dependencies]. Details - ImportResultOutputID=8a6ebd8bc5fffb2142f1ea431d9fe3f7 DependenciesID=7796c26fce1f320bec40f76c9abf3e32 StaticDependenciesID=562a4dca6d4a63b845b9118669ffbfb1 
Number of updated asset objects reloaded before import = 0Number of asset objects unloaded after import = 2

========================================================================
Received Import Request.
  Time since last request: 0.000019 seconds.
  path: Assets/Assets/Flooring/Floor tile sprite sheet 1_10.asset
  importAddress: Guid(cc4b1bb1bb3d36c4bb454867502241b7) Importer(2089858483,b0f066a214c2f5e87bad3c948f4d605d)
Start importing Assets/Assets/Flooring/Floor tile sprite sheet 1_10.asset using Guid(cc4b1bb1bb3d36c4bb454867502241b7) Importer(2089858483,b0f066a214c2f5e87bad3c948f4d605d) (ScriptedImporter) -> (Import Result ID: '640bb12483bd5c53d9c58ba36b85f42a') in 0.0043002 seconds [static and dynamic dependencies]. Details - ImportResultOutputID=3559446cc13cd589c6ff8071851e24ff DependenciesID=d8ad9c20c49864fd0edddad7ddef06fb StaticDependenciesID=6e537adb0b0f6c077ace09a43f4f9164 
Number of updated asset objects reloaded before import = 0Number of asset objects unloaded after import = 2

Editor requested this worker to shutdown with reason: Scaling down because of idle timeout
AssetImportWorker is now disconnected from the server
Process exiting
Exiting without the bug reporter. Application will terminate with return code 0