[Licensing::Module] Trying to connect to existing licensing client channel...
Built from '6000.4/staging' branch; Version is '6000.4.10f1 (feeafc12a938) revision 16706300'; Using compiler version '194234433'; Build Type 'Release'
[Licensing::IpcConnector] Successfully connected to: "LicenseClient-keish" at "2026-06-18T19:25:14.7002039Z"
OS: 'Windows 11  (10.0.26200) Professional' Language: 'en' Physical Memory: 31860 MB
BatchMode: 1, IsHumanControllingUs: 0, StartBugReporterOnCrash: 0, Is64bit: 1
System  architecture: x64
Process architecture: x64
Date: 2026-06-18T19:25:14Z

COMMAND LINE ARGUMENTS:
C:\Program Files\Unity\Hub\Editor\6000.4.10f1\Editor\Unity.exe
-adb2
-batchMode
-noUpm
-name
AssetImportWorker1
-projectPath
C:/GitHub/Blush-Bay-Ocean-Rescue1/Blush bay- Ocean rescue
-logFile
Logs/AssetImportWorker1.log
-srvPort
64857
-licensingIpc
LicenseClient-keish
-force-d3d12
-job-worker-count
7
-background-job-worker-count
8
-gc-helper-count
1
-name
AssetImport
Successfully changed project path to: C:/GitHub/Blush-Bay-Ocean-Rescue1/Blush bay- Ocean rescue
C:/GitHub/Blush-Bay-Ocean-Rescue1/Blush bay- Ocean rescue
[UnityMemory] Configuration Parameters - Can be set up in boot.config
    "memorysetup-temp-allocator-size-gi-baking-worker=262144"
    "memorysetup-temp-allocator-size-gi-baking-worker=262144"
    "memorysetup-temp-allocator-size-gi-baking-worker=262144"
    "memorysetup-temp-allocator-size-gi-baking-worker=262144"
    "memorysetup-temp-allocator-size-gi-baking-worker=262144"
    "memorysetup-temp-allocator-size-nav-mesh-worker=65536"
    "memorysetup-temp-allocator-size-audio-worker=65536"
    "memorysetup-temp-allocator-size-cloud-worker=32768"
    "memorysetup-temp-allocator-size-gfx=262144"
    "memorysetup-temp-allocator-size-preload-manager=33554432"
    "memorysetup-temp-allocator-size-job-worker=262144"
    "memorysetup-temp-allocator-size-background-worker=32768"
    "memorysetup-allocator-temp-initial-block-size-main=262144"
    "memorysetup-allocator-temp-initial-block-size-worker=262144"
    "memorysetup-bucket-allocator-granularity=16"
    "memorysetup-bucket-allocator-bucket-count=8"
    "memorysetup-bucket-allocator-block-size=33554432"
    "memorysetup-bucket-allocator-block-count=8"
    "memorysetup-main-allocator-block-size=16777216"
    "memorysetup-thread-allocator-block-size=16777216"
    "memorysetup-gfx-main-allocator-block-size=16777216"
    "memorysetup-gfx-thread-allocator-block-size=16777216"
    "memorysetup-cache-allocator-block-size=4194304"
    "memorysetup-typetree-allocator-block-size=2097152"
    "memorysetup-profiler-bucket-allocator-granularity=16"
    "memorysetup-profiler-bucket-allocator-bucket-count=8"
    "memorysetup-profiler-bucket-allocator-block-size=33554432"
    "memorysetup-profiler-bucket-allocator-block-count=8"
    "memorysetup-profiler-allocator-block-size=16777216"
    "memorysetup-profiler-editor-allocator-block-size=1048576"
    "memorysetup-temp-allocator-size-main=16777216"
    "memorysetup-job-temp-allocator-block-size=2097152"
    "memorysetup-job-temp-allocator-block-size-background=1048576"
    "memorysetup-job-temp-allocator-reduction-small-platforms=262144"
Player connection [7840]  Target information:

Player connection [7840]  * "[IP] 192.168.1.62 [Port] 0 [Flags] 2 [Guid] 2739789580 [EditorId] 2739789580 [Version] 1048832 [Id] WindowsEditor(7,K-Baddie) [Debug] 1 [PackageName] WindowsEditor [ProjectName] Editor" 

Player connection [7840] Host joined multi-casting on [225.0.0.222:54997]...
Player connection [7840] Host joined alternative multi-casting on [225.0.0.222:34997]...
JobSystem: Creating JobQueue using job-worker-count value 7
Input System module state changed to: Initialized.
[Physics::Module] Initialized fallback backend.
[Physics::Module] Id: 0xdecafbad
Library Redirect Path: Library/
[Physics::Module] Selected backend.
[Physics::Module] Name: PhysX
[Physics::Module] Id: 0xf2b8ea05
[Physics::Module] SDK Version: 4.1.2
[Physics::Module] Integration Version: 1.0.0
[Physics::Module] Threading Mode: Multi-Threaded
Refreshing native plugins compatible for Editor in 3.32 ms, found 5 plugins.
Initialize engine version: 6000.4.10f1 (feeafc12a938)
[Subsystems] Discovering subsystems at path C:/Program Files/Unity/Hub/Editor/6000.4.10f1/Editor/Data/Resources/UnitySubsystems
[Subsystems] Discovering subsystems at path C:/GitHub/Blush-Bay-Ocean-Rescue1/Blush bay- Ocean rescue/Assets
Forcing GfxDevice: Direct3D 12
GfxDevice: creating device client; kGfxThreadingModeNonThreaded
d3d12: failed to query info queue interface (0x80004002).
Direct3D:
    Version:         Direct3D 12 [level 12.2]
    Renderer:        NVIDIA GeForce RTX 5060 Ti (ID=0x2d04)
    Vendor:          NVIDIA
    VRAM:            16050 MB
    App VRAM Budget: 15282 MB
    Driver:          32.0.16.1047
Initialize mono
Mono path[0] = 'C:/Program Files/Unity/Hub/Editor/6000.4.10f1/Editor/Data/Managed'
Mono path[1] = 'C:/Program Files/Unity/Hub/Editor/6000.4.10f1/Editor/Data/MonoBleedingEdge/lib/mono/unityjit-win32'
Mono config path = 'C:/Program Files/Unity/Hub/Editor/6000.4.10f1/Editor/Data/MonoBleedingEdge/etc'
Using monoOptions --debugger-agent=transport=dt_socket,embedding=1,server=y,suspend=n,address=127.0.0.1:56420
CodeReloadManager initialized
Begin MonoManager ReloadAssembly
Registering precompiled unity dll's ...
Register platform support module: C:/Program Files/Unity/Hub/Editor/6000.4.10f1/Editor/Data/PlaybackEngines/WebGLSupport/UnityEditor.WebGL.Extensions.dll
Register platform support module: C:/Program Files/Unity/Hub/Editor/6000.4.10f1/Editor/Data/PlaybackEngines/WindowsStandaloneSupport/UnityEditor.WindowsStandalone.Extensions.dll
Registered in 0.001416 seconds.
Native extension for WindowsStandalone target not found
Native extension for WebGL target not found
Package Manager log level set to [2]
[Package Manager] Failed to launch server process. Reason: Unity was launched with the -noUpm command-line argument
[Package Manager] Unable to send message (not connected to server process).
[Package Manager] Cannot connect to Unity Package Manager local server
[Licensing::Client] Error: HandshakeResponse reported an error:
	ResponseCode: 505
	ResponseStatus: Unsupported protocol version '1.18.1'.
[Licensing::Module] Error: Failed to handshake to channel: "LicenseClient-keish"
[Licensing::IpcConnector] LicenseClient-keish channel disconnected successfully.
[Licensing::IpcConnector] Successfully connected to: "LicenseClient-keish-6000.4.10" at "2026-06-18T19:25:15.9106258Z"
[Licensing::Client] Code 10 while verifying Licensing Client signature (process Id: 27988, path: "C:/Program Files/Unity/Hub/Editor/6000.4.10f1/Editor/Data/Resources/Licensing/Client/Unity.Licensing.Client.exe")
[Licensing::Module] LicensingClient has failed validation; ignoring
[Licensing::Client] Handshaking with LicensingClient:
  Version:                 1.18.1+9fbee8e
  Session Id:              f8f415b9aaec409785a3e931098f8c5b
  Correlation Id:          8c292b9d090c8f80e6d5a756c979698a
  External correlation Id: 8999002219461364559
  Machine Id:              /RzPr2gAIPSB4NcypRRRBkxSfUM=
[Licensing::Module] Successfully connected to LicensingClient on channel: "LicenseClient-keish-6000.4.10" (connect: 0.00s, validation: 0.00s, handshake: 0.01s)
[Licensing::IpcConnector] Successfully connected to: "LicenseClient-keish-6000.4.10-notifications" at "2026-06-18T19:25:15.9194712Z"
[Licensing::Module] Licensing Background thread has ended after 1.22s
ScheduleIndexationOnStartup MainProcess:False IndexOnStartup:True
Mono: successfully reloaded assembly
- Finished resetting the current domain, in  0.283 seconds
Domain Reload Profiling: 611ms
	BeginReloadAssembly (88ms)
	RebuildCommonClasses (27ms)
	RebuildNativeTypeToScriptingClass (8ms)
	initialDomainReloadingComplete (42ms)
	LoadAllAssembliesAndSetupDomain (162ms)
		LoadAssemblies (86ms)
		AnalyzeDomain (155ms)
			TypeCache.Refresh (154ms)
				TypeCache.ScanAssembly (144ms)
	FinalizeReload (284ms)
		SetupLoadedEditorAssemblies (0ms)
			InitializePlatformSupportModulesInManaged (36ms)
			BeforeProcessingInitializeOnLoad (59ms)
			ProcessInitializeOnLoadAttributes (70ms)
			ProcessInitializeOnLoadMethodAttributes (66ms)
========================================================================
Worker process is ready to serve import requests
Import Worker Mode flag is 0x00
Begin MonoManager ReloadAssembly
[Licensing::Client] Successfully resolved entitlement details
[Licensing::Module] License group:
  Id: 1375476375314-UnityPersXXXX
  Product: Unity Personal
  Type: Assigned
  Expiration: Unlimited
Assembly Assembly-CSharp-Editor-firstpass.dll at Library/ScriptAssemblies/Assembly-CSharp-Editor-firstpass.dll not valid. Loading of assembly skipped.
Assembly Assembly-CSharp-Editor.dll at Library/ScriptAssemblies/Assembly-CSharp-Editor.dll not valid. Loading of assembly skipped.
Assembly Assembly-CSharp-firstpass.dll at Library/ScriptAssemblies/Assembly-CSharp-firstpass.dll not valid. Loading of assembly skipped.
Assembly Assembly-CSharp.dll at Library/ScriptAssemblies/Assembly-CSharp.dll not valid. Loading of assembly skipped.
Assembly DocCodeExamples.dll at Library/ScriptAssemblies/DocCodeExamples.dll not valid. Loading of assembly skipped.
Assembly TestNewCustomAssembly.dll at Library/ScriptAssemblies/TestNewCustomAssembly.dll not valid. Loading of assembly skipped.
Assembly Unity.2D.Animation.EditorTests.dll at Library/ScriptAssemblies/Unity.2D.Animation.EditorTests.dll not valid. Loading of assembly skipped.
Assembly Unity.2D.Aseprite.EditorTests.dll at Library/ScriptAssemblies/Unity.2D.Aseprite.EditorTests.dll not valid. Loading of assembly skipped.
Assembly Unity.2D.Common.EditorTests.dll at Library/ScriptAssemblies/Unity.2D.Common.EditorTests.dll not valid. Loading of assembly skipped.
Assembly Unity.2D.Psdimporter.EditorTests.dll at Library/ScriptAssemblies/Unity.2D.Psdimporter.EditorTests.dll not valid. Loading of assembly skipped.
Assembly Unity.2D.Sprite.Package.EditorTests.dll at Library/ScriptAssemblies/Unity.2D.Sprite.Package.EditorTests.dll not valid. Loading of assembly skipped.
Assembly Unity.2D.SpriteShape.EditorTests.dll at Library/ScriptAssemblies/Unity.2D.SpriteShape.EditorTests.dll not valid. Loading of assembly skipped.
Assembly Unity.2D.Tilemap.Package.EditorTests.dll at Library/ScriptAssemblies/Unity.2D.Tilemap.Package.EditorTests.dll not valid. Loading of assembly skipped.
Assembly Unity.Collections.BurstCompatibilityGen.dll at Library/ScriptAssemblies/Unity.Collections.BurstCompatibilityGen.dll not valid. Loading of assembly skipped.
Assembly Unity.Collections.DocCodeSamples.dll at Library/ScriptAssemblies/Unity.Collections.DocCodeSamples.dll not valid. Loading of assembly skipped.
Assembly Unity.Collections.PerformanceTests.dll at Library/ScriptAssemblies/Unity.Collections.PerformanceTests.dll not valid. Loading of assembly skipped.
Assembly Unity.Collections.Tests.dll at Library/ScriptAssemblies/Unity.Collections.Tests.dll not valid. Loading of assembly skipped.
Assembly Unity.Collections.Tests.Playmode.dll at Library/ScriptAssemblies/Unity.Collections.Tests.Playmode.dll not valid. Loading of assembly skipped.
Assembly Unity.InputSystem.IntegrationTests.dll at Library/ScriptAssemblies/Unity.InputSystem.IntegrationTests.dll not valid. Loading of assembly skipped.
Assembly Unity.Mathematics.Tests.dll at Library/ScriptAssemblies/Unity.Mathematics.Tests.dll not valid. Loading of assembly skipped.
Assembly Unity.Multiplayer.Center.Editor.Tests.dll at Library/ScriptAssemblies/Unity.Multiplayer.Center.Editor.Tests.dll not valid. Loading of assembly skipped.
Assembly Unity.Multiplayer.Center.Tests.dll at Library/ScriptAssemblies/Unity.Multiplayer.Center.Tests.dll not valid. Loading of assembly skipped.
Assembly Unity.Nuget.Mono-Cecil.dll at Library/ScriptAssemblies/Unity.Nuget.Mono-Cecil.dll not valid. Loading of assembly skipped.
Assembly Unity.PathTracing.Editor.Tests.dll at Library/ScriptAssemblies/Unity.PathTracing.Editor.Tests.dll not valid. Loading of assembly skipped.
Assembly Unity.PathTracing.Runtime.Tests.dll at Library/ScriptAssemblies/Unity.PathTracing.Runtime.Tests.dll not valid. Loading of assembly skipped.
Assembly Unity.RenderPipelines.Core.Editor.Tests.dll at Library/ScriptAssemblies/Unity.RenderPipelines.Core.Editor.Tests.dll not valid. Loading of assembly skipped.
Assembly Unity.RenderPipelines.Core.Runtime.Tests.dll at Library/ScriptAssemblies/Unity.RenderPipelines.Core.Runtime.Tests.dll not valid. Loading of assembly skipped.
Assembly Unity.RenderPipelines.Universal.Config.Editor.Tests.dll at Library/ScriptAssemblies/Unity.RenderPipelines.Universal.Config.Editor.Tests.dll not valid. Loading of assembly skipped.
Assembly Unity.RenderPipelines.Universal.Editor.Tests.dll at Library/ScriptAssemblies/Unity.RenderPipelines.Universal.Editor.Tests.dll not valid. Loading of assembly skipped.
Assembly Unity.RenderPipelines.Universal.Runtime.Tests.dll at Library/ScriptAssemblies/Unity.RenderPipelines.Universal.Runtime.Tests.dll not valid. Loading of assembly skipped.
Assembly Unity.Searcher.EditorTests.dll at Library/ScriptAssemblies/Unity.Searcher.EditorTests.dll not valid. Loading of assembly skipped.
Assembly Unity.ShaderGraph.Editor.Tests.dll at Library/ScriptAssemblies/Unity.ShaderGraph.Editor.Tests.dll not valid. Loading of assembly skipped.
Assembly Unity.TextMeshPro.Editor.Tests.dll at Library/ScriptAssemblies/Unity.TextMeshPro.Editor.Tests.dll not valid. Loading of assembly skipped.
Assembly Unity.TextMeshPro.Tests.dll at Library/ScriptAssemblies/Unity.TextMeshPro.Tests.dll not valid. Loading of assembly skipped.
Assembly Unity.UnifiedRayTracing.Editor.Tests.dll at Library/ScriptAssemblies/Unity.UnifiedRayTracing.Editor.Tests.dll not valid. Loading of assembly skipped.
Assembly UnityEditor.UI.Common.Tests.dll at Library/ScriptAssemblies/UnityEditor.UI.Common.Tests.dll not valid. Loading of assembly skipped.
Assembly UnityEditor.UI.EditorTests.dll at Library/ScriptAssemblies/UnityEditor.UI.EditorTests.dll not valid. Loading of assembly skipped.
Assembly UnityEngine.UI.Tests.dll at Library/ScriptAssemblies/UnityEngine.UI.Tests.dll not valid. Loading of assembly skipped.
Native extension for WindowsStandalone target not found
Native extension for WebGL target not found
[Package Manager] Failed to launch server process. Reason: Unity was launched with the -noUpm command-line argument
[Package Manager] Unable to send message (not connected to server process).
[Package Manager] Cannot connect to Unity Package Manager local server
[Package Manager] Failed to launch server process. Reason: Unity was launched with the -noUpm command-line argument
[Package Manager] Unable to send message (not connected to server process).
[Package Manager] Cannot connect to Unity Package Manager local server
ScheduleIndexationOnStartup MainProcess:False IndexOnStartup:True
Mono: successfully reloaded assembly
- Finished resetting the current domain, in  0.507 seconds
Domain Reload Profiling: 1080ms
	BeginReloadAssembly (127ms)
		DisableScriptedObjects (5ms)
		CreateAndSetChildDomain (28ms)
	RebuildCommonClasses (24ms)
	RebuildNativeTypeToScriptingClass (8ms)
	initialDomainReloadingComplete (45ms)
	LoadAllAssembliesAndSetupDomain (368ms)
		LoadAssemblies (232ms)
		AnalyzeDomain (193ms)
			TypeCache.Refresh (126ms)
				TypeCache.ScanAssembly (115ms)
			BuildScriptInfoCaches (59ms)
			ResolveRequiredComponents (6ms)
	FinalizeReload (507ms)
		SetupLoadedEditorAssemblies (0ms)
			BeforeProcessingInitializeOnLoad (99ms)
			ProcessInitializeOnLoadAttributes (207ms)
			ProcessInitializeOnLoadMethodAttributes (84ms)
			AfterProcessingInitializeOnLoad (4ms)
		AwakeInstancesAfterBackupRestoration (5ms)
Launched and connected shader compiler UnityShaderCompiler.exe after 0.01 seconds
Unloading 24 Unused Serialized files (Serialized files now loaded: 0)
Unloading 7265 unused Assets / (6.1 MB). Loaded Objects now: 8091.
Memory consumption went from 165.2 MB to 159.2 MB.
Total: 8.729100 ms (FindLiveObjects: 0.758600 ms CreateObjectMapping: 0.376000 ms MarkObjects: 4.899100 ms  DeleteObjects: 2.693500 ms)

========================================================================
Received Import Request.
  Time since last request: 256650.847696 seconds.
  path: Assets/Assets/Flooring/Floor tile sprite sheet.png
  importAddress: Guid(a2dac9421140c97498aa1b4dd4c9561f) Importer(2089858483,b0f066a214c2f5e87bad3c948f4d605d)
Start importing Assets/Assets/Flooring/Floor tile sprite sheet.png using Guid(a2dac9421140c97498aa1b4dd4c9561f) Importer(2089858483,b0f066a214c2f5e87bad3c948f4d605d) (ScriptedImporter) -> (Import Result ID: '0503459280fcdddcf097ec5c33f26eb2') in 0.0883254 seconds [static and dynamic dependencies]. Details - ImportResultOutputID=4972a91dceef43ad1455133461b22599 DependenciesID=b6442d8132ff89572d7cdd308f0f0a6d StaticDependenciesID=6ed04cb0a08cd76ea7463863f6a96eb6 
Number of updated asset objects reloaded before import = 0Number of asset objects unloaded after import = 3

========================================================================
Received Import Request.
  Time since last request: 56.862910 seconds.
  path: Assets/Assets/Flooring/Floor tile sprite sheet_1.asset
  importAddress: Guid(384ca8066f9ac824eba5fe601863dc58) Importer(815301076,1909f56bfc062723c751e8b465ee728b)
Start importing Assets/Assets/Flooring/Floor tile sprite sheet_1.asset using Guid(384ca8066f9ac824eba5fe601863dc58) Importer(815301076,1909f56bfc062723c751e8b465ee728b) (PreviewImporter) -> (Import Result ID: 'd720932e2dc76cda993683db59240775') in 0.0549533 seconds [static and dynamic dependencies]. Details - ImportResultOutputID=88ef60e41983128c33897ead2e7d1cf1 DependenciesID=1a22d90c298d94306e9460bfc8a8601a StaticDependenciesID=e364a8bbef1e7fabc3a3e3e0eac5b926 
Number of updated asset objects reloaded before import = 0Number of asset objects unloaded after import = 3

========================================================================
Received Import Request.
  Time since last request: 0.000026 seconds.
  path: Assets/Assets/Flooring/Floor tile sprite sheet_6.asset
  importAddress: Guid(b2f1fc8e020a71c46b293ad42716794c) Importer(815301076,1909f56bfc062723c751e8b465ee728b)
Start importing Assets/Assets/Flooring/Floor tile sprite sheet_6.asset using Guid(b2f1fc8e020a71c46b293ad42716794c) Importer(815301076,1909f56bfc062723c751e8b465ee728b) (PreviewImporter) -> (Import Result ID: '925883d4d8a399c75419320e94ca0cfd') in 0.0066335 seconds [static and dynamic dependencies]. Details - ImportResultOutputID=b0ffa480b3ef3cd50bf81fac7ba5b490 DependenciesID=e405e191a3cc9c3d62653edbf18610ca StaticDependenciesID=08f7d1ea784430d4be1e7e5b63b68dad 
Number of updated asset objects reloaded before import = 0Number of asset objects unloaded after import = 3

========================================================================
Received Import Request.
  Time since last request: 0.000032 seconds.
  path: Assets/Assets/Flooring/Floor tile sprite sheet_11.asset
  importAddress: Guid(951b6f32a3a518445ab7100a5dab6472) Importer(815301076,1909f56bfc062723c751e8b465ee728b)
Start importing Assets/Assets/Flooring/Floor tile sprite sheet_11.asset using Guid(951b6f32a3a518445ab7100a5dab6472) Importer(815301076,1909f56bfc062723c751e8b465ee728b) (PreviewImporter) -> (Import Result ID: 'e43a11efda090757105e8e2d61149473') in 0.0051918 seconds [static and dynamic dependencies]. Details - ImportResultOutputID=e502294d06d7d1d26176811468c1529d DependenciesID=19e478c662889adf982fc3c0fb1ede8d StaticDependenciesID=3053ca1f933a7ecc8d470b1c3c1fb459 
Number of updated asset objects reloaded before import = 0Number of asset objects unloaded after import = 3

========================================================================
Received Import Request.
  Time since last request: 0.000016 seconds.
  path: Assets/Assets/Flooring/Floor tile sprite sheet_2.asset
  importAddress: Guid(f960f2c8492371e4eb65e7a96f869603) Importer(815301076,1909f56bfc062723c751e8b465ee728b)
Start importing Assets/Assets/Flooring/Floor tile sprite sheet_2.asset using Guid(f960f2c8492371e4eb65e7a96f869603) Importer(815301076,1909f56bfc062723c751e8b465ee728b) (PreviewImporter) -> (Import Result ID: 'a6f6bb545acc082271604fc3dfce2bdd') in 0.0055824 seconds [static and dynamic dependencies]. Details - ImportResultOutputID=9cfb7cdfd6ff459544df7dcdef98f410 DependenciesID=fe22d12f72aa5b271773e028e8b596f5 StaticDependenciesID=e35abff355722a02658f6602d24f81b4 
Number of updated asset objects reloaded before import = 0Number of asset objects unloaded after import = 3

========================================================================
Received Import Request.
  Time since last request: 0.000016 seconds.
  path: Assets/Assets/Flooring/Floor tile sprite sheet_8.asset
  importAddress: Guid(7fa374a22bf98b149a7693a57caece3b) Importer(815301076,1909f56bfc062723c751e8b465ee728b)
Start importing Assets/Assets/Flooring/Floor tile sprite sheet_8.asset using Guid(7fa374a22bf98b149a7693a57caece3b) Importer(815301076,1909f56bfc062723c751e8b465ee728b) (PreviewImporter) -> (Import Result ID: '064f352afad35738cefc3fc3dc905db9') in 0.005168 seconds [static and dynamic dependencies]. Details - ImportResultOutputID=2170de7d3a1270a780ac80e5aec38680 DependenciesID=944e0921b7545c4e846d5c4cd9dde2ef StaticDependenciesID=b3083b7f32513b41ab470d956c4337bd 
Number of updated asset objects reloaded before import = 0Number of asset objects unloaded after import = 3

========================================================================
Received Import Request.
  Time since last request: 0.000018 seconds.
  path: Assets/Assets/Flooring/Floor tile sprite sheet_9.asset
  importAddress: Guid(71d3ef788f6f47f42966c0686d2822fc) Importer(815301076,1909f56bfc062723c751e8b465ee728b)
Start importing Assets/Assets/Flooring/Floor tile sprite sheet_9.asset using Guid(71d3ef788f6f47f42966c0686d2822fc) Importer(815301076,1909f56bfc062723c751e8b465ee728b) (PreviewImporter) -> (Import Result ID: '7627feac82956af92913154bab0fdfad') in 0.004727 seconds [static and dynamic dependencies]. Details - ImportResultOutputID=4b0455836ebe7aabd64473f11ecfa339 DependenciesID=2753ae8d92177fefbdcef00727053d8d StaticDependenciesID=0e10249d1150ad61cc3cd2a4af96ecdf 
Number of updated asset objects reloaded before import = 0Number of asset objects unloaded after import = 3

========================================================================
Received Import Request.
  Time since last request: 0.000018 seconds.
  path: Assets/Assets/Flooring/Floor tile sprite sheet_4.asset
  importAddress: Guid(3a62bc38ca031d34a91cdbacf6b1de49) Importer(815301076,1909f56bfc062723c751e8b465ee728b)
Start importing Assets/Assets/Flooring/Floor tile sprite sheet_4.asset using Guid(3a62bc38ca031d34a91cdbacf6b1de49) Importer(815301076,1909f56bfc062723c751e8b465ee728b) (PreviewImporter) -> (Import Result ID: '7be53f0a2190ec5117abeb3b465708a6') in 0.0052242 seconds [static and dynamic dependencies]. Details - ImportResultOutputID=c3c3183bede5f63e48d179ddb2f0ebc8 DependenciesID=4e8d24aab06afcd9c3ba697aa61c78c5 StaticDependenciesID=9e8b056a1f3bafaec8e354445872a284 
Number of updated asset objects reloaded before import = 0Number of asset objects unloaded after import = 3

========================================================================
Received Import Request.
  Time since last request: 0.000018 seconds.
  path: Assets/Assets/Flooring/Floor tile sprite sheet_10.asset
  importAddress: Guid(ab55f9bb9992172408058ec39437a698) Importer(815301076,1909f56bfc062723c751e8b465ee728b)
Start importing Assets/Assets/Flooring/Floor tile sprite sheet_10.asset using Guid(ab55f9bb9992172408058ec39437a698) Importer(815301076,1909f56bfc062723c751e8b465ee728b) (PreviewImporter) -> (Import Result ID: 'a9eeb7df8c4ffc6f8635fed3ba7096a1') in 0.0054001 seconds [static and dynamic dependencies]. Details - ImportResultOutputID=7d4736e9f00fe2b16007d36b55e8804b DependenciesID=740dee55e313466ad41240de4ccf5c53 StaticDependenciesID=a57c6019bb10318f9654824e091f68f7 
Number of updated asset objects reloaded before import = 0Number of asset objects unloaded after import = 3

========================================================================
Received Import Request.
  Time since last request: 0.000032 seconds.
  path: Assets/Assets/Flooring/Floor tile sprite sheet_7.asset
  importAddress: Guid(0240a68404b18ed44b66214e06804c0e) Importer(815301076,1909f56bfc062723c751e8b465ee728b)
Start importing Assets/Assets/Flooring/Floor tile sprite sheet_7.asset using Guid(0240a68404b18ed44b66214e06804c0e) Importer(815301076,1909f56bfc062723c751e8b465ee728b) (PreviewImporter) -> (Import Result ID: '33967df0e51508b2d93c8e10684ac8eb') in 0.0048469 seconds [static and dynamic dependencies]. Details - ImportResultOutputID=542a2c042a57c10493c5d3143f576f32 DependenciesID=b9960a54f37dcc6c457d00016810ac09 StaticDependenciesID=314654e8e1b4f2ccfb20ad2900f9045a 
Number of updated asset objects reloaded before import = 0Number of asset objects unloaded after import = 3

========================================================================
Received Import Request.
  Time since last request: 0.000017 seconds.
  path: Assets/Assets/Flooring/Floor tile sprite sheet_5.asset
  importAddress: Guid(7fc412e50eab37347ad44d82e570c3d0) Importer(815301076,1909f56bfc062723c751e8b465ee728b)
Start importing Assets/Assets/Flooring/Floor tile sprite sheet_5.asset using Guid(7fc412e50eab37347ad44d82e570c3d0) Importer(815301076,1909f56bfc062723c751e8b465ee728b) (PreviewImporter) -> (Import Result ID: '360482d70373cf24dd4939a49d66f471') in 0.0055909 seconds [static and dynamic dependencies]. Details - ImportResultOutputID=cc41d2ecbb2365749d8487c94b30488d DependenciesID=a670aa7a11dc9c936812c7a25508a262 StaticDependenciesID=50427b77d6b198f6fd74794b9a101bfc 
Number of updated asset objects reloaded before import = 0Number of asset objects unloaded after import = 3

========================================================================
Received Import Request.
  Time since last request: 0.501070 seconds.
  path: Assets/Assets/Flooring/Floor tile sprite sheet_10.asset
  importAddress: Guid(ab55f9bb9992172408058ec39437a698) Importer(2089858483,b0f066a214c2f5e87bad3c948f4d605d)
Start importing Assets/Assets/Flooring/Floor tile sprite sheet_10.asset using Guid(ab55f9bb9992172408058ec39437a698) Importer(2089858483,b0f066a214c2f5e87bad3c948f4d605d) (ScriptedImporter) -> (Import Result ID: 'a0b2588b8befea5979b7bd5083fc8ee7') in 0.0176312 seconds [static and dynamic dependencies]. Details - ImportResultOutputID=eab53c1bec630d2ed4ee57df75a95f98 DependenciesID=fd5665d9f168f12f9977a377ba8e2047 StaticDependenciesID=93b02a76a1b7ee8047bd107fed4fe1fd 
Number of updated asset objects reloaded before import = 0Number of asset objects unloaded after import = 2

========================================================================
Received Import Request.
  Time since last request: 0.000021 seconds.
  path: Assets/Assets/Flooring/Floor tile sprite sheet_8.asset
  importAddress: Guid(7fa374a22bf98b149a7693a57caece3b) Importer(2089858483,b0f066a214c2f5e87bad3c948f4d605d)
Start importing Assets/Assets/Flooring/Floor tile sprite sheet_8.asset using Guid(7fa374a22bf98b149a7693a57caece3b) Importer(2089858483,b0f066a214c2f5e87bad3c948f4d605d) (ScriptedImporter) -> (Import Result ID: '3d74866b41047dbab5e685d8b203dfbf') in 0.0044354 seconds [static and dynamic dependencies]. Details - ImportResultOutputID=aaf0f06c82d71b87e73b20ba509690f4 DependenciesID=482d63631b3818b82decc965c738d5e3 StaticDependenciesID=74adea083d4e6675b1c3b9234b81e121 
Number of updated asset objects reloaded before import = 0Number of asset objects unloaded after import = 2

========================================================================
Received Import Request.
  Time since last request: 0.000027 seconds.
  path: Assets/Assets/Flooring/Floor tile sprite sheet_3.asset
  importAddress: Guid(d0493d0519347d34aaef2859b34f5b8b) Importer(2089858483,b0f066a214c2f5e87bad3c948f4d605d)
Start importing Assets/Assets/Flooring/Floor tile sprite sheet_3.asset using Guid(d0493d0519347d34aaef2859b34f5b8b) Importer(2089858483,b0f066a214c2f5e87bad3c948f4d605d) (ScriptedImporter) -> (Import Result ID: '05da9865ca23626382301bdfb57f81bf') in 0.004321 seconds [static and dynamic dependencies]. Details - ImportResultOutputID=b4d98a0283725bd131447192e16092c3 DependenciesID=ee4d5ba675d5aa76587d32a727e9ee7a StaticDependenciesID=4a2d5d9ee362577a35abd38cbaabf55e 
Number of updated asset objects reloaded before import = 0Number of asset objects unloaded after import = 2

========================================================================
Received Import Request.
  Time since last request: 0.000018 seconds.
  path: Assets/Assets/Flooring/Floor tile sprite sheet_7.asset
  importAddress: Guid(0240a68404b18ed44b66214e06804c0e) Importer(2089858483,b0f066a214c2f5e87bad3c948f4d605d)
Start importing Assets/Assets/Flooring/Floor tile sprite sheet_7.asset using Guid(0240a68404b18ed44b66214e06804c0e) Importer(2089858483,b0f066a214c2f5e87bad3c948f4d605d) (ScriptedImporter) -> (Import Result ID: 'bc897bb395d63091d5f0e9f3614f96d0') in 0.0046004 seconds [static and dynamic dependencies]. Details - ImportResultOutputID=7d0b8ca5dd29248d34980d798dcfa232 DependenciesID=265816845697730d9c54f4eb5c1b8e88 StaticDependenciesID=c94a9e0c4613250b60274c9b566d4457 
Number of updated asset objects reloaded before import = 0Number of asset objects unloaded after import = 2

========================================================================
Received Import Request.
  Time since last request: 0.000018 seconds.
  path: Assets/Assets/Flooring/Floor tile sprite sheet_4.asset
  importAddress: Guid(3a62bc38ca031d34a91cdbacf6b1de49) Importer(2089858483,b0f066a214c2f5e87bad3c948f4d605d)
Start importing Assets/Assets/Flooring/Floor tile sprite sheet_4.asset using Guid(3a62bc38ca031d34a91cdbacf6b1de49) Importer(2089858483,b0f066a214c2f5e87bad3c948f4d605d) (ScriptedImporter) -> (Import Result ID: '5032c6bf4f97d2c0934237c30122fc04') in 0.0049175 seconds [static and dynamic dependencies]. Details - ImportResultOutputID=c942dda4046e9dcd4171f66b8f75d19d DependenciesID=037047187ae6e1234dc3211b24c07da2 StaticDependenciesID=11076713482c345f46b387db7a790365 
Number of updated asset objects reloaded before import = 0Number of asset objects unloaded after import = 2

========================================================================
Received Import Request.
  Time since last request: 0.000018 seconds.
  path: Assets/Assets/Flooring/Floor tile sprite sheet_6.asset
  importAddress: Guid(b2f1fc8e020a71c46b293ad42716794c) Importer(2089858483,b0f066a214c2f5e87bad3c948f4d605d)
Start importing Assets/Assets/Flooring/Floor tile sprite sheet_6.asset using Guid(b2f1fc8e020a71c46b293ad42716794c) Importer(2089858483,b0f066a214c2f5e87bad3c948f4d605d) (ScriptedImporter) -> (Import Result ID: 'e6a0b92878ad2aea2d9b497321f2a9e9') in 0.0043867 seconds [static and dynamic dependencies]. Details - ImportResultOutputID=f47bcc5d78723879eaa0738f1eab9cc5 DependenciesID=7372be282904a8e07aaea6377a9676ce StaticDependenciesID=1eaa9dfd803fa4a35bd4230d02b95e6d 
Number of updated asset objects reloaded before import = 0Number of asset objects unloaded after import = 2

========================================================================
Received Import Request.
  Time since last request: 0.000022 seconds.
  path: Assets/Assets/Flooring/Floor tile sprite sheet_0.asset
  importAddress: Guid(165603b6d687ca444a3e3acaf3c9d85b) Importer(2089858483,b0f066a214c2f5e87bad3c948f4d605d)
Start importing Assets/Assets/Flooring/Floor tile sprite sheet_0.asset using Guid(165603b6d687ca444a3e3acaf3c9d85b) Importer(2089858483,b0f066a214c2f5e87bad3c948f4d605d) (ScriptedImporter) -> (Import Result ID: '0f147750bcebb4a5db0b2f1ba0c90801') in 0.006127 seconds [static and dynamic dependencies]. Details - ImportResultOutputID=fd695f2203c92c60a8bca478c35801fa DependenciesID=6c7c37b0cf9c2dd02f12b5214111bd70 StaticDependenciesID=32c12631482e600d982777b2ae47c3f9 
Number of updated asset objects reloaded before import = 0Number of asset objects unloaded after import = 2

Editor requested this worker to shutdown with reason: Scaling down because of idle timeout
AssetImportWorker is now disconnected from the server
Process exiting
Exiting without the bug reporter. Application will terminate with return code 0